<?xml version="1.0" encoding="UTF-8"?>
<testsuite name="veebrate.AppTest" tests="1" skipped="0" failures="0" errors="0" timestamp="2020-03-18T02:17:53" hostname="mrpavis-pc" time="0.326">
  <properties/>
  <testcase name="run" classname="veebrate.AppTest" time="0.326"/>
  <system-out><![CDATA[Begin test suite veebrate.test.ServerTest
]]></system-out>
  <system-err><![CDATA[]]></system-err>
</testsuite>
